Logging startet: 2025-03-07 08:55:07
Listing blobs...
Logging slutt: 2025-03-07 08:55:08
Logging startet: 2025-03-07 09:25:13
Listing blobs...
Logging slutt: 2025-03-07 09:25:13
Logging startet: 2025-03-07 09:55:30
Listing blobs...
Logging slutt: 2025-03-07 09:55:30
Logging startet: 2025-03-07 10:25:59
Listing blobs...
Logging slutt: 2025-03-07 10:25:59
Logging startet: 2025-03-07 10:56:04
Listing blobs...
Logging slutt: 2025-03-07 10:56:04
Logging startet: 2025-03-07 11:30:17
Listing blobs...
Logging slutt: 2025-03-07 11:30:17
Logging startet: 2025-03-07 12:00:22
Listing blobs...
Logging slutt: 2025-03-07 12:00:22
Logging startet: 2025-03-07 12:30:27
Listing blobs...
Logging slutt: 2025-03-07 12:30:27
Logging startet: 2025-03-07 13:00:32
Listing blobs...
Logging slutt: 2025-03-07 13:00:32
Logging startet: 2025-03-07 13:31:08
Listing blobs...
Logging slutt: 2025-03-07 13:31:08
Logging startet: 2025-03-07 14:01:13
Listing blobs...
Logging slutt: 2025-03-07 14:01:13
Logging startet: 2025-03-07 14:31:19
Listing blobs...
Logging slutt: 2025-03-07 14:31:19
Logging startet: 2025-03-07 15:01:24
Listing blobs...
Logging slutt: 2025-03-07 15:01:24
Logging startet: 2025-03-07 15:32:03
Listing blobs...
Logging slutt: 2025-03-07 15:32:03
Logging startet: 2025-03-07 16:02:09
Listing blobs...
1741359707763-markedsdialog.mp3
Blob 0: 1741359707763-markedsdialog.mp3
Blob metadata: {'spraak': '', 'format': '', 'upn': 'tom.jarle.christiansen@telemarkfylke.no'}
Downloading blob to: ./blobber/1741359707763-markedsdialog.mp3
Blob 1741359707763-markedsdialog.mp3 successfully downloaded to ./blobber/1741359707763-markedsdialog.mp3
Deleting blob: 1741359707763-markedsdialog.mp3
Blob deleted
Transkriberer lyd fra 1741359707763-markedsdialog.mp3 til tekst. Obs: Dette er en tidkrevende prosess.
Transkripsjonen er lagret i ./ferdig_tekst/1741359707763-markedsdialog.mp3
Logging slutt: 2025-03-07 16:31:52
Logging startet: 2025-03-07 17:02:34
Listing blobs...
Logging slutt: 2025-03-07 17:02:34
Logging startet: 2025-03-07 17:32:38
Listing blobs...
Logging slutt: 2025-03-07 17:32:38
Logging startet: 2025-03-07 18:02:44
Listing blobs...
Logging slutt: 2025-03-07 18:02:44
Logging startet: 2025-03-07 18:32:49
Listing blobs...
Logging slutt: 2025-03-07 18:32:49
Logging startet: 2025-03-07 19:03:31
Listing blobs...
Logging slutt: 2025-03-07 19:03:32
Logging startet: 2025-03-07 19:33:36
Listing blobs...
Logging slutt: 2025-03-07 19:33:36
Logging startet: 2025-03-07 20:03:42
Listing blobs...
Logging slutt: 2025-03-07 20:03:42
Logging startet: 2025-03-07 20:33:46
Listing blobs...
Logging slutt: 2025-03-07 20:33:46
Logging startet: 2025-03-07 21:04:22
Listing blobs...
Logging slutt: 2025-03-07 21:04:22
Logging startet: 2025-03-07 21:34:26
Listing blobs...
Logging slutt: 2025-03-07 21:34:26
Logging startet: 2025-03-07 23:28:28
Listing blobs...
Logging slutt: 2025-03-07 23:28:28
Logging startet: 2025-03-07 23:58:31
Listing blobs...
Logging slutt: 2025-03-07 23:58:32
Logging startet: 2025-03-08 01:06:21
Listing blobs...
Logging slutt: 2025-03-08 01:06:21
Logging startet: 2025-03-08 01:36:26
Listing blobs...
Logging slutt: 2025-03-08 01:36:26
Logging startet: 2025-03-08 02:44:18
Listing blobs...
Logging slutt: 2025-03-08 02:44:18
Logging startet: 2025-03-08 03:14:48
Listing blobs...
Logging slutt: 2025-03-08 03:14:48
Logging startet: 2025-03-08 04:31:47
Listing blobs...
Logging slutt: 2025-03-08 04:31:47
Logging startet: 2025-03-08 07:28:58
Listing blobs...
Logging slutt: 2025-03-08 07:28:58
Logging startet: 2025-03-08 07:59:02
Listing blobs...
Logging slutt: 2025-03-08 07:59:02
Logging startet: 2025-03-08 09:17:02
Listing blobs...
Logging slutt: 2025-03-08 09:17:02
Logging startet: 2025-03-08 09:47:06
Listing blobs...
Logging slutt: 2025-03-08 09:47:06
Logging startet: 2025-03-08 10:42:13
Listing blobs...
Logging slutt: 2025-03-08 10:42:13
Logging startet: 2025-03-08 11:12:19
Listing blobs...
Logging slutt: 2025-03-08 11:12:19
Logging startet: 2025-03-08 11:49:29
Listing blobs...
Logging slutt: 2025-03-08 11:49:29
Logging startet: 2025-03-08 12:29:02
Listing blobs...
Logging slutt: 2025-03-08 12:29:02
Logging startet: 2025-03-08 13:28:19
Listing blobs...
Logging slutt: 2025-03-08 13:28:19
Logging startet: 2025-03-08 16:06:08
Listing blobs...
Logging slutt: 2025-03-08 16:06:08
Logging startet: 2025-03-08 16:36:38
Listing blobs...
Logging slutt: 2025-03-08 16:36:38
Logging startet: 2025-03-08 19:00:57
Listing blobs...
Logging slutt: 2025-03-08 19:00:57
Logging startet: 2025-03-08 19:31:01
Listing blobs...
Logging slutt: 2025-03-08 19:31:02
Logging startet: 2025-03-08 20:52:49
Listing blobs...
Logging slutt: 2025-03-08 20:52:50
Logging startet: 2025-03-08 21:24:12
Listing blobs...
Logging slutt: 2025-03-08 21:24:12
Logging startet: 2025-03-08 23:25:09
Listing blobs...
Logging slutt: 2025-03-08 23:25:09
Logging startet: 2025-03-08 23:55:47
Listing blobs...
Logging slutt: 2025-03-08 23:55:47
Logging startet: 2025-03-09 12:12:31
Listing blobs...
Logging slutt: 2025-03-09 12:12:32
Logging startet: 2025-03-09 12:49:24
Listing blobs...
Logging slutt: 2025-03-09 12:49:24
Logging startet: 2025-03-09 13:56:33
Listing blobs...
Logging slutt: 2025-03-09 13:56:33
Logging startet: 2025-03-09 14:26:38
Listing blobs...
Logging slutt: 2025-03-09 14:26:38
Logging startet: 2025-03-09 17:29:42
Listing blobs...
Logging slutt: 2025-03-09 17:29:43
Logging startet: 2025-03-09 18:11:41
Listing blobs...
Logging slutt: 2025-03-09 18:11:41
Logging startet: 2025-03-09 18:41:46
Listing blobs...
Logging slutt: 2025-03-09 18:41:46
Logging startet: 2025-03-09 19:11:51
Listing blobs...
Logging slutt: 2025-03-09 19:11:51
Logging startet: 2025-03-09 19:50:20
Listing blobs...
Logging slutt: 2025-03-09 19:50:20
Logging startet: 2025-03-09 21:32:37
Listing blobs...
Logging slutt: 2025-03-09 21:32:37
Logging startet: 2025-03-09 22:13:42
Listing blobs...
Logging slutt: 2025-03-09 22:13:42
Logging startet: 2025-03-09 23:35:40
Listing blobs...
Logging slutt: 2025-03-09 23:35:40
Logging startet: 2025-03-10 07:43:45
Listing blobs...
Logging slutt: 2025-03-10 07:43:45
Logging startet: 2025-03-10 08:14:15
Listing blobs...
Logging slutt: 2025-03-10 08:14:15
Logging startet: 2025-03-10 08:44:18
Listing blobs...
Logging slutt: 2025-03-10 08:44:18
Logging startet: 2025-03-10 09:16:09
Listing blobs...
Logging slutt: 2025-03-10 09:16:09
Logging startet: 2025-03-10 09:46:44
Listing blobs...
Logging slutt: 2025-03-10 09:46:44
Logging startet: 2025-03-10 10:24:07
Listing blobs...
Logging slutt: 2025-03-10 10:24:07
Logging startet: 2025-03-10 11:20:04
Listing blobs...
Logging slutt: 2025-03-10 11:20:04
Logging startet: 2025-03-10 11:50:09
Listing blobs...
Logging slutt: 2025-03-10 11:50:09
Logging startet: 2025-03-10 12:20:14
Listing blobs...
Logging slutt: 2025-03-10 12:20:14
Logging startet: 2025-03-10 12:50:50
Listing blobs...
Logging slutt: 2025-03-10 12:50:50
Logging startet: 2025-03-10 13:35:43
Listing blobs...
Logging slutt: 2025-03-10 13:35:43
Logging startet: 2025-03-10 14:05:47
Listing blobs...
Logging slutt: 2025-03-10 14:05:47
Logging startet: 2025-03-10 14:36:58
Listing blobs...
Logging slutt: 2025-03-10 14:36:58
Logging startet: 2025-03-10 15:07:02
Listing blobs...
Logging slutt: 2025-03-10 15:07:03
Logging startet: 2025-03-10 21:04:58
Listing blobs...
Logging slutt: 2025-03-10 21:04:58
Logging startet: 2025-03-10 22:05:49
Listing blobs...
Logging slutt: 2025-03-10 22:05:50
Logging startet: 2025-03-10 22:49:14
Listing blobs...
Logging slutt: 2025-03-10 22:49:14
Logging startet: 2025-03-11 06:54:53
Listing blobs...
Logging slutt: 2025-03-11 06:54:54
Logging startet: 2025-03-11 07:58:06
Listing blobs...
Logging slutt: 2025-03-11 07:58:06
Logging startet: 2025-03-11 08:28:40
Listing blobs...
Logging slutt: 2025-03-11 08:28:41
Logging startet: 2025-03-11 09:00:51
Listing blobs...
Logging slutt: 2025-03-11 09:00:51
Logging startet: 2025-03-11 09:30:56
Listing blobs...
Logging slutt: 2025-03-11 09:30:56
Logging startet: 2025-03-11 10:01:31
Listing blobs...
Logging slutt: 2025-03-11 10:01:31
Logging startet: 2025-03-11 10:31:35
Listing blobs...
Logging slutt: 2025-03-11 10:31:35
Logging startet: 2025-03-11 11:01:39
Listing blobs...
Logging slutt: 2025-03-11 11:01:39
Logging startet: 2025-03-11 12:40:39
Listing blobs...
Logging slutt: 2025-03-11 12:40:39
Logging startet: 2025-03-11 13:10:44
Listing blobs...
Logging slutt: 2025-03-11 13:10:44
Logging startet: 2025-03-11 13:49:47
Listing blobs...
Logging slutt: 2025-03-11 13:49:47
Logging startet: 2025-03-11 14:21:22
Listing blobs...
Logging slutt: 2025-03-11 14:21:22
Logging startet: 2025-03-11 14:51:40
Listing blobs...
Logging slutt: 2025-03-11 14:51:40
Logging startet: 2025-03-11 15:21:45
Listing blobs...
Logging slutt: 2025-03-11 15:21:45
Logging startet: 2025-03-11 17:01:50
Listing blobs...
Logging slutt: 2025-03-11 17:01:50
Logging startet: 2025-03-11 18:27:02
Listing blobs...
Logging slutt: 2025-03-11 18:27:02
Logging startet: 2025-03-11 20:40:36
Listing blobs...
Logging slutt: 2025-03-11 20:40:36
Logging startet: 2025-03-11 21:50:47
Listing blobs...
Logging slutt: 2025-03-11 21:50:47
Logging startet: 2025-03-11 23:16:09
Listing blobs...
Logging slutt: 2025-03-11 23:16:09
Logging startet: 2025-03-12 08:17:17
Listing blobs...
Logging slutt: 2025-03-12 08:17:17
Logging startet: 2025-03-12 08:47:22
Listing blobs...
Logging slutt: 2025-03-12 08:47:22
Logging startet: 2025-03-12 09:22:42
Listing blobs...
Logging slutt: 2025-03-12 09:22:42
Logging startet: 2025-03-12 09:54:32
Listing blobs...
Logging slutt: 2025-03-12 09:54:32
